This file contains any messages produced by compilers while
running configure, to aid debugging if configure makes a mistake.

It was created by xtables-addons configure 1.42, which was
generated by GNU Autoconf 2.69.  Invocation command line was

  $ ./configure 

## --------- ##
## Platform. ##
## --------- ##

hostname = erspan2
uname -m = x86_64
uname -r = 3.8.2-030802-generic
uname -s = Linux
uname -v = #201303031906 SMP Mon Mar 4 00:07:09 UTC 2013

/usr/bin/uname -p = unknown
/bin/uname -X     = unknown

/bin/arch              = unknown
/usr/bin/arch -k       = unknown
/usr/convex/getsysinfo = unknown
/usr/bin/hostinfo      = unknown
/bin/machine           = unknown
/usr/bin/oslevel       = unknown
/bin/universe          = unknown

PATH: /usr/local/sbin
PATH: /usr/local/bin
PATH: /usr/sbin
PATH: /usr/bin
PATH: /sbin
PATH: /bin


## ----------- ##
## Core tests. ##
## ----------- ##

configure:2264: checking for a BSD-compatible install
configure:2332: result: /usr/bin/install -c
configure:2345: checking whether build environment is sane
configure:2395: result: yes
configure:2536: checking for a thread-safe mkdir -p
configure:2575: result: /bin/mkdir -p
configure:2588: checking for gawk
configure:2618: result: no
configure:2588: checking for mawk
configure:2604: found /usr/bin/mawk
configure:2615: result: mawk
configure:2626: checking whether make sets $(MAKE)
configure:2648: result: yes
configure:2776: checking for gcc
configure:2792: found /usr/bin/gcc
configure:2803: result: gcc
configure:3032: checking for C compiler version
configure:3041: gcc --version >&5
gcc (Ubuntu/Linaro 4.7.2-2ubuntu1) 4.7.2
Copyright (C) 2012 Free Software Foundation, Inc.
This is free software; see the source for copying conditions.  There is NO
warranty; not even for MERCHANTABILITY or FITNESS FOR A PARTICULAR PURPOSE.

configure:3052: $? = 0
configure:3041: gcc -v >&5
Using built-in specs.
COLLECT_GCC=gcc
COLLECT_LTO_WRAPPER=/usr/lib/gcc/x86_64-linux-gnu/4.7/lto-wrapper
Target: x86_64-linux-gnu
Configured with: ../src/configure -v --with-pkgversion='Ubuntu/Linaro 4.7.2-2ubuntu1' --with-bugurl=file:///usr/share/doc/gcc-4.7/README.Bugs --enable-languages=c,c++,go,fortran,objc,obj-c++ --prefix=/usr --program-suffix=-4.7 --enable-shared --enable-linker-build-id --with-system-zlib --libexecdir=/usr/lib --without-included-gettext --enable-threads=posix --with-gxx-include-dir=/usr/include/c++/4.7 --libdir=/usr/lib --enable-nls --with-sysroot=/ --enable-clocale=gnu --enable-libstdcxx-debug --enable-libstdcxx-time=yes --enable-gnu-unique-object --enable-plugin --enable-objc-gc --disable-werror --with-arch-32=i686 --with-tune=generic --enable-checking=release --build=x86_64-linux-gnu --host=x86_64-linux-gnu --target=x86_64-linux-gnu
Thread model: posix
gcc version 4.7.2 (Ubuntu/Linaro 4.7.2-2ubuntu1) 
configure:3052: $? = 0
configure:3041: gcc -V >&5
gcc: error: unrecognized command line option '-V'
gcc: fatal error: no input files
compilation terminated.
configure:3052: $? = 4
configure:3041: gcc -qversion >&5
gcc: error: unrecognized command line option '-qversion'
gcc: fatal error: no input files
compilation terminated.
configure:3052: $? = 4
configure:3072: checking whether the C compiler works
configure:3094: gcc    conftest.c  >&5
configure:3098: $? = 0
configure:3146: result: yes
configure:3149: checking for C compiler default output file name
configure:3151: result: a.out
configure:3157: checking for suffix of executables
configure:3164: gcc -o conftest    conftest.c  >&5
configure:3168: $? = 0
configure:3190: result: 
configure:3212: checking whether we are cross compiling
configure:3220: gcc -o conftest    conftest.c  >&5
configure:3224: $? = 0
configure:3231: ./conftest
configure:3235: $? = 0
configure:3250: result: no
configure:3255: checking for suffix of object files
configure:3277: gcc -c   conftest.c >&5
configure:3281: $? = 0
configure:3302: result: o
configure:3306: checking whether we are using the GNU C compiler
configure:3325: gcc -c   conftest.c >&5
configure:3325: $? = 0
configure:3334: result: yes
configure:3343: checking whether gcc accepts -g
configure:3363: gcc -c -g  conftest.c >&5
configure:3363: $? = 0
configure:3404: result: yes
configure:3421: checking for gcc option to accept ISO C89
configure:3484: gcc  -c -g -O2  conftest.c >&5
configure:3484: $? = 0
configure:3497: result: none needed
configure:3528: checking for style of include used by make
configure:3556: result: GNU
configure:3582: checking dependency style of gcc
configure:3693: result: gcc3
configure:3709: checking whether gcc and cc understand -c and -o together
configure:3740: gcc -c conftest.c -o conftest2.o >&5
configure:3744: $? = 0
configure:3750: gcc -c conftest.c -o conftest2.o >&5
configure:3754: $? = 0
configure:3765: cc -c conftest.c >&5
configure:3769: $? = 0
configure:3777: cc -c conftest.c -o conftest2.o >&5
configure:3781: $? = 0
configure:3787: cc -c conftest.c -o conftest2.o >&5
configure:3791: $? = 0
configure:3809: result: yes
configure:3894: checking build system type
configure:3908: result: x86_64-unknown-linux-gnu
configure:3928: checking host system type
configure:3941: result: x86_64-unknown-linux-gnu
configure:3982: checking how to print strings
configure:4009: result: printf
configure:4030: checking for a sed that does not truncate output
configure:4094: result: /bin/sed
configure:4112: checking for grep that handles long lines and -e
configure:4170: result: /bin/grep
configure:4175: checking for egrep
configure:4237: result: /bin/grep -E
configure:4242: checking for fgrep
configure:4304: result: /bin/grep -F
configure:4339: checking for ld used by gcc
configure:4406: result: /usr/bin/ld
configure:4413: checking if the linker (/usr/bin/ld) is GNU ld
configure:4428: result: yes
configure:4440: checking for BSD- or MS-compatible name lister (nm)
configure:4489: result: /usr/bin/nm -B
configure:4619: checking the name lister (/usr/bin/nm -B) interface
configure:4626: gcc -c -g -O2  conftest.c >&5
configure:4629: /usr/bin/nm -B "conftest.o"
configure:4632: output
0000000000000000 B some_variable
configure:4639: result: BSD nm
configure:4642: checking whether ln -s works
configure:4646: result: yes
configure:4654: checking the maximum length of command line arguments
configure:4784: result: 1572864
configure:4801: checking whether the shell understands some XSI constructs
configure:4811: result: yes
configure:4815: checking whether the shell understands "+="
configure:4821: result: yes
configure:4856: checking how to convert x86_64-unknown-linux-gnu file names to x86_64-unknown-linux-gnu format
configure:4896: result: func_convert_file_noop
configure:4903: checking how to convert x86_64-unknown-linux-gnu file names to toolchain format
configure:4923: result: func_convert_file_noop
configure:4930: checking for /usr/bin/ld option to reload object files
configure:4937: result: -r
configure:5011: checking for objdump
configure:5027: found /usr/bin/objdump
configure:5038: result: objdump
configure:5070: checking how to recognize dependent libraries
configure:5272: result: pass_all
configure:5357: checking for dlltool
configure:5387: result: no
configure:5417: checking how to associate runtime and link libraries
configure:5444: result: printf %s\n
configure:5505: checking for ar
configure:5521: found /usr/bin/ar
configure:5532: result: ar
configure:5569: checking for archiver @FILE support
configure:5586: gcc -c -g -O2  conftest.c >&5
configure:5586: $? = 0
configure:5589: ar cru libconftest.a @conftest.lst >&5
configure:5592: $? = 0
configure:5597: ar cru libconftest.a @conftest.lst >&5
ar: conftest.o: No such file or directory
configure:5600: $? = 1
configure:5612: result: @
configure:5670: checking for strip
configure:5686: found /usr/bin/strip
configure:5697: result: strip
configure:5769: checking for ranlib
configure:5785: found /usr/bin/ranlib
configure:5796: result: ranlib
configure:5898: checking command to parse /usr/bin/nm -B output from gcc object
configure:6018: gcc -c -g -O2  conftest.c >&5
configure:6021: $? = 0
configure:6025: /usr/bin/nm -B conftest.o \| sed -n -e 's/^.*[ ]\([ABCDGIRSTW][ABCDGIRSTW]*\)[ ][ ]*\([_A-Za-z][_A-Za-z0-9]*\)$/\1 \2 \2/p' | sed '/ __gnu_lto/d' \> conftest.nm
configure:6028: $? = 0
configure:6094: gcc -o conftest -g -O2   conftest.c conftstm.o >&5
configure:6097: $? = 0
configure:6135: result: ok
configure:6172: checking for sysroot
configure:6202: result: no
configure:6279: gcc -c -g -O2  conftest.c >&5
configure:6282: $? = 0
configure:6458: checking for mt
configure:6474: found /bin/mt
configure:6485: result: mt
configure:6508: checking if mt is a manifest tool
configure:6514: mt '-?'
configure:6522: result: no
configure:7164: checking how to run the C preprocessor
configure:7195: gcc -E  conftest.c
configure:7195: $? = 0
configure:7209: gcc -E  conftest.c
conftest.c:11:28: fatal error: ac_nonexistent.h: No such file or directory
compilation terminated.
configure:7209: $? = 1
configure: failed program was:
| /* confdefs.h */
| #define PACKAGE_NAME "xtables-addons"
| #define PACKAGE_TARNAME "xtables-addons"
| #define PACKAGE_VERSION "1.42"
| #define PACKAGE_STRING "xtables-addons 1.42"
| #define PACKAGE_BUGREPORT ""
| #define PACKAGE_URL ""
| #define PACKAGE "xtables-addons"
| #define VERSION "1.42"
| /* end confdefs.h.  */
| #include <ac_nonexistent.h>
configure:7234: result: gcc -E
configure:7254: gcc -E  conftest.c
configure:7254: $? = 0
configure:7268: gcc -E  conftest.c
conftest.c:11:28: fatal error: ac_nonexistent.h: No such file or directory
compilation terminated.
configure:7268: $? = 1
configure: failed program was:
| /* confdefs.h */
| #define PACKAGE_NAME "xtables-addons"
| #define PACKAGE_TARNAME "xtables-addons"
| #define PACKAGE_VERSION "1.42"
| #define PACKAGE_STRING "xtables-addons 1.42"
| #define PACKAGE_BUGREPORT ""
| #define PACKAGE_URL ""
| #define PACKAGE "xtables-addons"
| #define VERSION "1.42"
| /* end confdefs.h.  */
| #include <ac_nonexistent.h>
configure:7297: checking for ANSI C header files
configure:7317: gcc -c -g -O2  conftest.c >&5
configure:7317: $? = 0
configure:7390: gcc -o conftest -g -O2   conftest.c  >&5
configure:7390: $? = 0
configure:7390: ./conftest
configure:7390: $? = 0
configure:7401: result: yes
configure:7414: checking for sys/types.h
configure:7414: gcc -c -g -O2  conftest.c >&5
configure:7414: $? = 0
configure:7414: result: yes
configure:7414: checking for sys/stat.h
configure:7414: gcc -c -g -O2  conftest.c >&5
configure:7414: $? = 0
configure:7414: result: yes
configure:7414: checking for stdlib.h
configure:7414: gcc -c -g -O2  conftest.c >&5
configure:7414: $? = 0
configure:7414: result: yes
configure:7414: checking for string.h
configure:7414: gcc -c -g -O2  conftest.c >&5
configure:7414: $? = 0
configure:7414: result: yes
configure:7414: checking for memory.h
configure:7414: gcc -c -g -O2  conftest.c >&5
configure:7414: $? = 0
configure:7414: result: yes
configure:7414: checking for strings.h
configure:7414: gcc -c -g -O2  conftest.c >&5
configure:7414: $? = 0
configure:7414: result: yes
configure:7414: checking for inttypes.h
configure:7414: gcc -c -g -O2  conftest.c >&5
configure:7414: $? = 0
configure:7414: result: yes
configure:7414: checking for stdint.h
configure:7414: gcc -c -g -O2  conftest.c >&5
configure:7414: $? = 0
configure:7414: result: yes
configure:7414: checking for unistd.h
configure:7414: gcc -c -g -O2  conftest.c >&5
configure:7414: $? = 0
configure:7414: result: yes
configure:7428: checking for dlfcn.h
configure:7428: gcc -c -g -O2  conftest.c >&5
configure:7428: $? = 0
configure:7428: result: yes
configure:7604: checking for objdir
configure:7619: result: .libs
configure:7886: checking if gcc supports -fno-rtti -fno-exceptions
configure:7904: gcc -c -g -O2  -fno-rtti -fno-exceptions conftest.c >&5
cc1: warning: command line option '-fno-rtti' is valid for C++/ObjC++ but not for C [enabled by default]
configure:7908: $? = 0
configure:7921: result: no
configure:8248: checking for gcc option to produce PIC
configure:8255: result: -fPIC -DPIC
configure:8263: checking if gcc PIC flag -fPIC -DPIC works
configure:8281: gcc -c -g -O2  -fPIC -DPIC -DPIC conftest.c >&5
configure:8285: $? = 0
configure:8298: result: yes
configure:8327: checking if gcc static flag -static works
configure:8355: result: yes
configure:8370: checking if gcc supports -c -o file.o
configure:8391: gcc -c -g -O2  -o out/conftest2.o conftest.c >&5
configure:8395: $? = 0
configure:8417: result: yes
configure:8425: checking if gcc supports -c -o file.o
configure:8472: result: yes
configure:8505: checking whether the gcc linker (/usr/bin/ld -m elf_x86_64) supports shared libraries
configure:9662: result: yes
configure:9699: checking whether -lc should be explicitly linked in
configure:9707: gcc -c -g -O2  conftest.c >&5
configure:9710: $? = 0
configure:9725: gcc -shared  -fPIC -DPIC conftest.o  -v -Wl,-soname -Wl,conftest -o conftest 2\>\&1 \| /bin/grep  -lc  \>/dev/null 2\>\&1
configure:9728: $? = 0
configure:9742: result: no
configure:9902: checking dynamic linker characteristics
configure:10413: gcc -o conftest -g -O2   -Wl,-rpath -Wl,/foo conftest.c  >&5
configure:10413: $? = 0
configure:10647: result: GNU/Linux ld.so
configure:10754: checking how to hardcode library paths into programs
configure:10779: result: immediate
configure:11319: checking whether stripping libraries is possible
configure:11324: result: yes
configure:11359: checking if libtool supports shared libraries
configure:11361: result: yes
configure:11364: checking whether to build shared libraries
configure:11385: result: yes
configure:11388: checking whether to build static libraries
configure:11392: result: no
configure:11447: checking linux/netfilter/x_tables.h usability
configure:11447: gcc -c -g -O2  conftest.c >&5
configure:11447: $? = 0
configure:11447: result: yes
configure:11447: checking linux/netfilter/x_tables.h presence
configure:11447: gcc -E  conftest.c
configure:11447: $? = 0
configure:11447: result: yes
configure:11447: checking for linux/netfilter/x_tables.h
configure:11447: result: yes
configure:11513: checking for pkg-config
configure:11531: found /usr/bin/pkg-config
configure:11543: result: /usr/bin/pkg-config
configure:11568: checking pkg-config is at least version 0.9.0
configure:11571: result: yes
configure:11581: checking for libxtables
configure:11588: $PKG_CONFIG --exists --print-errors "xtables >= 1.4.5"
configure:11591: $? = 0
configure:11605: $PKG_CONFIG --exists --print-errors "xtables >= 1.4.5"
configure:11608: $? = 0
configure:11666: result: yes
configure:11678: checking Xtables module directory
configure:11680: result: /lib/xtables
configure:11690: checking kernel version that we will build against
configure:11859: creating ./config.status

## ---------------------- ##
## Running config.status. ##
## ---------------------- ##

This file was extended by xtables-addons config.status 1.42, which was
generated by GNU Autoconf 2.69.  Invocation command line was

  CONFIG_FILES    = 
  CONFIG_HEADERS  = 
  CONFIG_LINKS    = 
  CONFIG_COMMANDS = 
  $ ./config.status 

on erspan2

config.status:1092: creating Makefile
config.status:1092: creating Makefile.iptrules
config.status:1092: creating Makefile.mans
config.status:1092: creating geoip/Makefile
config.status:1092: creating extensions/Makefile
config.status:1092: creating extensions/ACCOUNT/Makefile
config.status:1092: creating extensions/pknock/Makefile
config.status:1092: creating config.h
config.status:1273: config.h is unchanged
config.status:1321: executing depfiles commands
config.status:1321: executing libtool commands

## ---------------- ##
## Cache variables. ##
## ---------------- ##

ac_cv_build=x86_64-unknown-linux-gnu
ac_cv_c_compiler_gnu=yes
ac_cv_env_CC_set=
ac_cv_env_CC_value=
ac_cv_env_CFLAGS_set=
ac_cv_env_CFLAGS_value=
ac_cv_env_CPPFLAGS_set=
ac_cv_env_CPPFLAGS_value=
ac_cv_env_CPP_set=
ac_cv_env_CPP_value=
ac_cv_env_LDFLAGS_set=
ac_cv_env_LDFLAGS_value=
ac_cv_env_LIBS_set=
ac_cv_env_LIBS_value=
ac_cv_env_PKG_CONFIG_LIBDIR_set=
ac_cv_env_PKG_CONFIG_LIBDIR_value=
ac_cv_env_PKG_CONFIG_PATH_set=
ac_cv_env_PKG_CONFIG_PATH_value=
ac_cv_env_PKG_CONFIG_set=
ac_cv_env_PKG_CONFIG_value=
ac_cv_env_build_alias_set=
ac_cv_env_build_alias_value=
ac_cv_env_host_alias_set=
ac_cv_env_host_alias_value=
ac_cv_env_libxtables_CFLAGS_set=
ac_cv_env_libxtables_CFLAGS_value=
ac_cv_env_libxtables_LIBS_set=
ac_cv_env_libxtables_LIBS_value=
ac_cv_env_target_alias_set=
ac_cv_env_target_alias_value=
ac_cv_header_dlfcn_h=yes
ac_cv_header_inttypes_h=yes
ac_cv_header_linux_netfilter_x_tables_h=yes
ac_cv_header_memory_h=yes
ac_cv_header_stdc=yes
ac_cv_header_stdint_h=yes
ac_cv_header_stdlib_h=yes
ac_cv_header_string_h=yes
ac_cv_header_strings_h=yes
ac_cv_header_sys_stat_h=yes
ac_cv_header_sys_types_h=yes
ac_cv_header_unistd_h=yes
ac_cv_host=x86_64-unknown-linux-gnu
ac_cv_objext=o
ac_cv_path_EGREP='/bin/grep -E'
ac_cv_path_FGREP='/bin/grep -F'
ac_cv_path_GREP=/bin/grep
ac_cv_path_SED=/bin/sed
ac_cv_path_ac_pt_PKG_CONFIG=/usr/bin/pkg-config
ac_cv_path_install='/usr/bin/install -c'
ac_cv_path_mkdir=/bin/mkdir
ac_cv_prog_AWK=mawk
ac_cv_prog_CPP='gcc -E'
ac_cv_prog_ac_ct_AR=ar
ac_cv_prog_ac_ct_CC=gcc
ac_cv_prog_ac_ct_MANIFEST_TOOL=mt
ac_cv_prog_ac_ct_OBJDUMP=objdump
ac_cv_prog_ac_ct_RANLIB=ranlib
ac_cv_prog_ac_ct_STRIP=strip
ac_cv_prog_cc_c89=
ac_cv_prog_cc_g=yes
ac_cv_prog_cc_gcc_c_o=yes
ac_cv_prog_make_make_set=yes
am_cv_CC_dependencies_compiler_type=gcc3
lt_cv_ar_at_file=@
lt_cv_archive_cmds_need_lc=no
lt_cv_deplibs_check_method=pass_all
lt_cv_file_magic_cmd='$MAGIC_CMD'
lt_cv_file_magic_test_file=
lt_cv_ld_reload_flag=-r
lt_cv_nm_interface='BSD nm'
lt_cv_objdir=.libs
lt_cv_path_LD=/usr/bin/ld
lt_cv_path_NM='/usr/bin/nm -B'
lt_cv_path_mainfest_tool=no
lt_cv_prog_compiler_c_o=yes
lt_cv_prog_compiler_pic='-fPIC -DPIC'
lt_cv_prog_compiler_pic_works=yes
lt_cv_prog_compiler_rtti_exceptions=no
lt_cv_prog_compiler_static_works=yes
lt_cv_prog_gnu_ld=yes
lt_cv_sharedlib_from_linklib_cmd='printf %s\n'
lt_cv_shlibpath_overrides_runpath=no
lt_cv_sys_global_symbol_pipe='sed -n -e '\''s/^.*[	 ]\([ABCDGIRSTW][ABCDGIRSTW]*\)[	 ][	 ]*\([_A-Za-z][_A-Za-z0-9]*\)$/\1 \2 \2/p'\'' | sed '\''/ __gnu_lto/d'\'''
lt_cv_sys_global_symbol_to_c_name_address='sed -n -e '\''s/^: \([^ ]*\)[ ]*$/  {\"\1\", (void *) 0},/p'\'' -e '\''s/^[ABCDGIRSTW]* \([^ ]*\) \([^ ]*\)$/  {"\2", (void *) \&\2},/p'\'''
lt_cv_sys_global_symbol_to_c_name_address_lib_prefix='sed -n -e '\''s/^: \([^ ]*\)[ ]*$/  {\"\1\", (void *) 0},/p'\'' -e '\''s/^[ABCDGIRSTW]* \([^ ]*\) \(lib[^ ]*\)$/  {"\2", (void *) \&\2},/p'\'' -e '\''s/^[ABCDGIRSTW]* \([^ ]*\) \([^ ]*\)$/  {"lib\2", (void *) \&\2},/p'\'''
lt_cv_sys_global_symbol_to_cdecl='sed -n -e '\''s/^T .* \(.*\)$/extern int \1();/p'\'' -e '\''s/^[ABCDGIRSTW]* .* \(.*\)$/extern char \1;/p'\'''
lt_cv_sys_max_cmd_len=1572864
lt_cv_to_host_file_cmd=func_convert_file_noop
lt_cv_to_tool_file_cmd=func_convert_file_noop
pkg_cv_libxtables_CFLAGS=' '
pkg_cv_libxtables_LIBS='-lxtables  '

## ----------------- ##
## Output variables. ##
## ----------------- ##

ACLOCAL='${SHELL} /root/xtables-addons.git/build-aux/missing --run aclocal-1.11'
AMDEPBACKSLASH='\'
AMDEP_FALSE='#'
AMDEP_TRUE=''
AMTAR='$${TAR-tar}'
AR='ar'
AUTOCONF='${SHELL} /root/xtables-addons.git/build-aux/missing --run autoconf'
AUTOHEADER='${SHELL} /root/xtables-addons.git/build-aux/missing --run autoheader'
AUTOMAKE='${SHELL} /root/xtables-addons.git/build-aux/missing --run automake-1.11'
AWK='mawk'
CC='gcc'
CCDEPMODE='depmode=gcc3'
CFLAGS='-g -O2'
CPP='gcc -E'
CPPFLAGS=''
CYGPATH_W='echo'
DEFS='-DHAVE_CONFIG_H'
DEPDIR='.deps'
DLLTOOL='false'
DSYMUTIL=''
DUMPBIN=''
ECHO_C=''
ECHO_N='-n'
ECHO_T=''
EGREP='/bin/grep -E'
EXEEXT=''
FGREP='/bin/grep -F'
GREP='/bin/grep'
INSTALL_DATA='${INSTALL} -m 644'
INSTALL_PROGRAM='${INSTALL}'
INSTALL_SCRIPT='${INSTALL}'
INSTALL_STRIP_PROGRAM='$(install_sh) -c -s'
LD='/usr/bin/ld -m elf_x86_64'
LDFLAGS=''
LIBOBJS=''
LIBS=''
LIBTOOL='$(SHELL) $(top_builddir)/libtool'
LIPO=''
LN_S='ln -s'
LTLIBOBJS=''
MAKEINFO='${SHELL} /root/xtables-addons.git/build-aux/missing --run makeinfo'
MANIFEST_TOOL=':'
MKDIR_P='/bin/mkdir -p'
NM='/usr/bin/nm -B'
NMEDIT=''
OBJDUMP='objdump'
OBJEXT='o'
OTOOL64=''
OTOOL=''
PACKAGE='xtables-addons'
PACKAGE_BUGREPORT=''
PACKAGE_NAME='xtables-addons'
PACKAGE_STRING='xtables-addons 1.42'
PACKAGE_TARNAME='xtables-addons'
PACKAGE_URL=''
PACKAGE_VERSION='1.42'
PATH_SEPARATOR=':'
PKG_CONFIG='/usr/bin/pkg-config'
PKG_CONFIG_LIBDIR=''
PKG_CONFIG_PATH=''
RANLIB='ranlib'
SED='/bin/sed'
SET_MAKE=''
SHELL='/bin/bash'
STRIP='strip'
VERSION='1.42'
ac_ct_AR='ar'
ac_ct_CC='gcc'
ac_ct_DUMPBIN=''
am__EXEEXT_FALSE=''
am__EXEEXT_TRUE='#'
am__fastdepCC_FALSE='#'
am__fastdepCC_TRUE=''
am__include='include'
am__isrc=''
am__leading_dot='.'
am__nodep='_no'
am__quote=''
am__tar='$${TAR-tar} chof - "$$tardir"'
am__untar='$${TAR-tar} xf -'
bindir='${exec_prefix}/bin'
build='x86_64-unknown-linux-gnu'
build_alias=''
build_cpu='x86_64'
build_os='linux-gnu'
build_vendor='unknown'
datadir='${datarootdir}'
datarootdir='${prefix}/share'
docdir='${datarootdir}/doc/${PACKAGE_TARNAME}'
dvidir='${docdir}'
exec_prefix='${prefix}'
host='x86_64-unknown-linux-gnu'
host_alias=''
host_cpu='x86_64'
host_os='linux-gnu'
host_vendor='unknown'
htmldir='${docdir}'
includedir='${prefix}/include'
infodir='${datarootdir}/info'
install_sh='${SHELL} /root/xtables-addons.git/build-aux/install-sh'
kbuilddir='/lib/modules/3.8.2-030802-generic/build'
libdir='${exec_prefix}/lib'
libexecdir='${exec_prefix}/libexec'
libxtables_CFLAGS=' '
libxtables_LIBS='-lxtables  '
localedir='${datarootdir}/locale'
localstatedir='${prefix}/var'
mandir='${datarootdir}/man'
mkdir_p='/bin/mkdir -p'
oldincludedir='/usr/include'
pdfdir='${docdir}'
prefix='/usr/local'
program_transform_name='s,x,x,'
psdir='${docdir}'
regular_CFLAGS='-Wall -Waggregate-return -Wmissing-declarations 	-Wmissing-prototypes -Wredundant-decls -Wshadow -Wstrict-prototypes 	-Winline -pipe'
regular_CPPFLAGS='-D_LARGEFILE_SOURCE=1 -D_LARGE_FILES -D_FILE_OFFSET_BITS=64 	-D_REENTRANT -I${XA_TOPSRCDIR}/include'
sbindir='${exec_prefix}/sbin'
sharedstatedir='${prefix}/com'
sysconfdir='${prefix}/etc'
target_alias=''
xtlibdir='/lib/xtables'

## ----------- ##
## confdefs.h. ##
## ----------- ##

/* confdefs.h */
#define PACKAGE_NAME "xtables-addons"
#define PACKAGE_TARNAME "xtables-addons"
#define PACKAGE_VERSION "1.42"
#define PACKAGE_STRING "xtables-addons 1.42"
#define PACKAGE_BUGREPORT ""
#define PACKAGE_URL ""
#define PACKAGE "xtables-addons"
#define VERSION "1.42"
#define STDC_HEADERS 1
#define HAVE_SYS_TYPES_H 1
#define HAVE_SYS_STAT_H 1
#define HAVE_STDLIB_H 1
#define HAVE_STRING_H 1
#define HAVE_MEMORY_H 1
#define HAVE_STRINGS_H 1
#define HAVE_INTTYPES_H 1
#define HAVE_STDINT_H 1
#define HAVE_UNISTD_H 1
#define HAVE_DLFCN_H 1
#define LT_OBJDIR ".libs/"
#define HAVE_LINUX_NETFILTER_X_TABLES_H 1

configure: exit 0
